#-----------------------------------------------------------
# Webtalk v2018.3 (64-bit)
# SW Build 2405991 on Thu Dec  6 23:38:27 MST 2018
# 
# Start of session at: Mon Feb  3 16:34:56 2020
# Process ID: 13904
# Current directory: U:/Documents/cpre488/Labs/MP-0/project_1/project_1.sdk/webtalk
# Command line: wbtcv.exe -mode batch -source sdk_webtalk.tcl
# Log file: U:/Documents/cpre488/Labs/MP-0/project_1/project_1.sdk/webtalk/webtalk.log
# Journal file: U:/Documents/cpre488/Labs/MP-0/project_1/project_1.sdk/webtalk\webtalk.jou
#-----------------------------------------------------------
source sdk_webtalk.tcl
# webtalk_init -webtalk_dir U:\\Documents\\cpre488\\Labs\\MP-0\\project_1\\project_1.sdk\\webtalk
# webtalk_register_client -client project
# webtalk_add_data -client project -key date_generated -value "2020-02-03 16:34:55" -context "software_version_and_target_device"
# webtalk_add_data -client project -key product_version -value "SDK v2018.3" -context "software_version_and_target_device"
# webtalk_add_data -client project -key build_version -value "2018.3" -context "software_version_and_target_device"
# webtalk_add_data -client project -key os_platform -value "amd64" -context "software_version_and_target_device"
# webtalk_add_data -client project -key registration_id -value "174156856_174156857_210694690_929" -context "software_version_and_target_device"
# webtalk_add_data -client project -key tool_flow -value "SDK" -context "software_version_and_target_device"
# webtalk_add_data -client project -key beta -value "false" -context "software_version_and_target_device"
# webtalk_add_data -client project -key route_design -value "NA" -context "software_version_and_target_device"
# webtalk_add_data -client project -key target_family -value "NA" -context "software_version_and_target_device"
# webtalk_add_data -client project -key target_device -value "NA" -context "software_version_and_target_device"
# webtalk_add_data -client project -key target_package -value "NA" -context "software_version_and_target_device"
# webtalk_add_data -client project -key target_speed -value "NA" -context "software_version_and_target_device"
# webtalk_add_data -client project -key random_id -value "1kmats4puvi2lg4ik3m2us636e" -context "software_version_and_target_device"
# webtalk_add_data -client project -key project_id -value "2018.3_3" -context "software_version_and_target_device"
# webtalk_add_data -client project -key project_iteration -value "3" -context "software_version_and_target_device"
# webtalk_add_data -client project -key os_name -value "Microsoft Windows 8 or later , 64-bit" -context "user_environment"
# webtalk_add_data -client project -key os_release -value "major release  (build 9200)" -context "user_environment"
# webtalk_add_data -client project -key cpu_name -value "Intel(R) Xeon(R) CPU E3-1240 v6 @ 3.70GHz" -context "user_environment"
# webtalk_add_data -client project -key cpu_speed -value "3696 MHz" -context "user_environment"
# webtalk_add_data -client project -key total_processors -value "1" -context "user_environment"
# webtalk_add_data -client project -key system_ram -value "17.108 GB" -context "user_environment"
# webtalk_register_client -client sdk
# webtalk_add_data -client sdk -key uid -value "1580769092661" -context "sdk\\\\application/1580769092661"
# webtalk_add_data -client sdk -key hwid -value "1580513838674" -context "sdk\\\\application/1580769092661"
# webtalk_add_data -client sdk -key bspid -value "1580330944101" -context "sdk\\\\application/1580769092661"
# webtalk_add_data -client sdk -key newbsp -value "false" -context "sdk\\\\application/1580769092661"
# webtalk_add_data -client sdk -key os -value "standalone" -context "sdk\\\\application/1580769092661"
# webtalk_add_data -client sdk -key apptemplate -value "empty_application" -context "sdk\\\\application/1580769092661"
# webtalk_add_data -client sdk -key RecordType -value "APPCreation" -context "sdk\\\\application/1580769092661"
# webtalk_add_data -client sdk -key LangUsed -value "C" -context "sdk\\\\application/1580769092661"
# webtalk_add_data -client sdk -key Procused -value "ps7_cortexa9" -context "sdk\\\\application/1580769092661"
# webtalk_add_data -client sdk -key uid -value "NA" -context "sdk\\\\bsp/1580769295218"
# webtalk_add_data -client sdk -key RecordType -value "ToolUsage" -context "sdk\\\\bsp/1580769295218"
# webtalk_add_data -client sdk -key BootgenCount -value "0" -context "sdk\\\\bsp/1580769295218"
# webtalk_add_data -client sdk -key DebugCount -value "0" -context "sdk\\\\bsp/1580769295218"
# webtalk_add_data -client sdk -key PerfCount -value "0" -context "sdk\\\\bsp/1580769295218"
# webtalk_add_data -client sdk -key FlashCount -value "0" -context "sdk\\\\bsp/1580769295218"
# webtalk_add_data -client sdk -key CrossTriggCount -value "0" -context "sdk\\\\bsp/1580769295218"
# webtalk_add_data -client sdk -key QemuDebugCount -value "0" -context "sdk\\\\bsp/1580769295218"
# webtalk_transmit -clientid 3358089827 -regid "174156856_174156857_210694690_929" -xml U:\\Documents\\cpre488\\Labs\\MP-0\\project_1\\project_1.sdk\\webtalk\\usage_statistics_ext_sdk.xml -html U:\\Documents\\cpre488\\Labs\\MP-0\\project_1\\project_1.sdk\\webtalk\\usage_statistics_ext_sdk.html -wdm U:\\Documents\\cpre488\\Labs\\MP-0\\project_1\\project_1.sdk\\webtalk\\sdk_webtalk.wdm -intro "<H3>SDK Usage Report</H3><BR>"
# webtalk_terminate
INFO: [Common 17-206] Exiting Webtalk at Mon Feb  3 16:34:57 2020...
