Copyright 1986-2018 Xilinx, Inc. All Rights Reserved.
-------------------------------------------------------------------------------------------------------------------------------------------------------------------------------------
| Tool Version     : Vivado v.2018.3 (win64) Build 2405991 Thu Dec  6 23:38:27 MST 2018
| Date             : Tue Feb  4 14:18:11 2020
| Host             : CO2041-13 running 64-bit major release  (build 9200)
| Command          : report_power -file zynq_design_1_wrapper_power_routed.rpt -pb zynq_design_1_wrapper_power_summary_routed.pb -rpx zynq_design_1_wrapper_power_routed.rpx
| Design           : zynq_design_1_wrapper
| Device           : xc7z020clg484-1
| Design State     : routed
| Grade            : commercial
| Process          : typical
| Characterization : Production
-------------------------------------------------------------------------------------------------------------------------------------------------------------------------------------

Power Report

Table of Contents
-----------------
1. Summary
1.1 On-Chip Components
1.2 Power Supply Summary
1.3 Confidence Level
2. Settings
2.1 Environment
2.2 Clock Constraints
3. Detailed Reports
3.1 By Hierarchy

1. Summary
----------

+--------------------------+--------------+
| Total On-Chip Power (W)  | 1.737        |
| Design Power Budget (W)  | Unspecified* |
| Power Budget Margin (W)  | NA           |
| Dynamic (W)              | 1.591        |
| Device Static (W)        | 0.146        |
| Effective TJA (C/W)      | 11.5         |
| Max Ambient (C)          | 65.0         |
| Junction Temperature (C) | 45.0         |
| Confidence Level         | Low          |
| Setting File             | ---          |
| Simulation Activity File | ---          |
| Design Nets Matched      | NA           |
+--------------------------+--------------+
* Specify Design Power Budget using, set_operating_conditions -design_power_budget <value in Watts>


1.1 On-Chip Components
----------------------

+--------------------------+-----------+----------+-----------+-----------------+
| On-Chip                  | Power (W) | Used     | Available | Utilization (%) |
+--------------------------+-----------+----------+-----------+-----------------+
| Clocks                   |     0.031 |        5 |       --- |             --- |
| Slice Logic              |     0.012 |    20517 |       --- |             --- |
|   LUT as Logic           |     0.010 |     6921 |     53200 |           13.01 |
|   CARRY4                 |    <0.001 |      394 |     13300 |            2.96 |
|   Register               |    <0.001 |    10034 |    106400 |            9.43 |
|   F7/F8 Muxes            |    <0.001 |      217 |     53200 |            0.41 |
|   LUT as Shift Register  |    <0.001 |      445 |     17400 |            2.56 |
|   LUT as Distributed RAM |    <0.001 |       34 |     17400 |            0.20 |
|   Others                 |     0.000 |      912 |       --- |             --- |
| Signals                  |     0.015 |    14525 |       --- |             --- |
| Block RAM                |     0.001 |        3 |       140 |            2.14 |
| I/O                      |    <0.001 |       47 |       200 |           23.50 |
| PS7                      |     1.531 |        1 |       --- |             --- |
| Static Power             |     0.146 |          |           |                 |
| Total                    |     1.737 |          |           |                 |
+--------------------------+-----------+----------+-----------+-----------------+


1.2 Power Supply Summary
------------------------

+-----------+-------------+-----------+-------------+------------+
| Source    | Voltage (V) | Total (A) | Dynamic (A) | Static (A) |
+-----------+-------------+-----------+-------------+------------+
| Vccint    |       1.000 |     0.074 |       0.059 |      0.015 |
| Vccaux    |       1.800 |     0.015 |       0.000 |      0.015 |
| Vcco33    |       3.300 |     0.001 |       0.000 |      0.001 |
| Vcco25    |       2.500 |     0.000 |       0.000 |      0.000 |
| Vcco18    |       1.800 |     0.000 |       0.000 |      0.000 |
| Vcco15    |       1.500 |     0.000 |       0.000 |      0.000 |
| Vcco135   |       1.350 |     0.000 |       0.000 |      0.000 |
| Vcco12    |       1.200 |     0.000 |       0.000 |      0.000 |
| Vccaux_io |       1.800 |     0.000 |       0.000 |      0.000 |
| Vccbram   |       1.000 |     0.001 |       0.000 |      0.001 |
| MGTAVcc   |       1.000 |     0.000 |       0.000 |      0.000 |
| MGTAVtt   |       1.200 |     0.000 |       0.000 |      0.000 |
| MGTVccaux |       1.800 |     0.000 |       0.000 |      0.000 |
| Vccpint   |       1.000 |     0.751 |       0.720 |      0.031 |
| Vccpaux   |       1.800 |     0.061 |       0.051 |      0.010 |
| Vccpll    |       1.800 |     0.017 |       0.014 |      0.003 |
| Vcco_ddr  |       1.500 |     0.459 |       0.457 |      0.002 |
| Vcco_mio0 |       3.300 |     0.003 |       0.002 |      0.001 |
| Vcco_mio1 |       1.800 |     0.003 |       0.002 |      0.001 |
| Vccadc    |       1.800 |     0.020 |       0.000 |      0.020 |
+-----------+-------------+-----------+-------------+------------+


1.3 Confidence Level
--------------------

+-----------------------------+------------+--------------------------------------------------------+------------------------------------------------------------------------------------------------------------+
| User Input Data             | Confidence | Details                                                | Action                                                                                                     |
+-----------------------------+------------+--------------------------------------------------------+------------------------------------------------------------------------------------------------------------+
| Design implementation state | High       | Design is routed                                       |                                                                                                            |
| Clock nodes activity        | High       | User specified more than 95% of clocks                 |                                                                                                            |
| I/O nodes activity          | Low        | More than 75% of inputs are missing user specification | Provide missing input activity with simulation results or by editing the "By Resource Type -> I/Os" view   |
| Internal nodes activity     | Medium     | User specified less than 25% of internal nodes         | Provide missing internal nodes activity with simulation results or by editing the "By Resource Type" views |
| Device models               | High       | Device models are Production                           |                                                                                                            |
|                             |            |                                                        |                                                                                                            |
| Overall confidence level    | Low        |                                                        |                                                                                                            |
+-----------------------------+------------+--------------------------------------------------------+------------------------------------------------------------------------------------------------------------+


2. Settings
-----------

2.1 Environment
---------------

+-----------------------+------------------------+
| Ambient Temp (C)      | 25.0                   |
| ThetaJA (C/W)         | 11.5                   |
| Airflow (LFM)         | 250                    |
| Heat Sink             | none                   |
| ThetaSA (C/W)         | 0.0                    |
| Board Selection       | medium (10"x10")       |
| # of Board Layers     | 8to11 (8 to 11 Layers) |
| Board Temperature (C) | 25.0                   |
+-----------------------+------------------------+


2.2 Clock Constraints
---------------------

+--------------------------------------------------------------------------------------------+----------------------------------------------------------------------+-----------------+
| Clock                                                                                      | Domain                                                               | Constraint (ns) |
+--------------------------------------------------------------------------------------------+----------------------------------------------------------------------+-----------------+
| clk_fpga_0                                                                                 | zynq_design_1_i/processing_system7_0/inst/FCLK_CLK_unbuffered[0]     |            10.0 |
| clk_fpga_1                                                                                 | zynq_design_1_i/processing_system7_0/inst/FCLK_CLK_unbuffered[1]     |            40.0 |
| dbg_hub/inst/BSCANID.u_xsdbm_id/SWITCH_N_EXT_BSCAN.bscan_inst/SERIES7_BSCAN.bscan_inst/TCK | dbg_hub/inst/BSCANID.u_xsdbm_id/SWITCH_N_EXT_BSCAN.bscan_inst/tck_bs |            33.0 |
+--------------------------------------------------------------------------------------------+----------------------------------------------------------------------+-----------------+


3. Detailed Reports
-------------------

3.1 By Hierarchy
----------------

+--------------------------+-----------+
| Name                     | Power (W) |
+--------------------------+-----------+
| zynq_design_1_wrapper    |     1.591 |
|   dbg_hub                |     0.003 |
|     inst                 |     0.003 |
|       BSCANID.u_xsdbm_id |     0.003 |
|   zynq_design_1_i        |     1.587 |
|     axi_gpio_3           |     0.002 |
|       U0                 |     0.002 |
|     axi_vdma_0           |     0.007 |
|       U0                 |     0.007 |
|     ila_0                |     0.005 |
|       U0                 |     0.005 |
|     processing_system7_0 |     1.532 |
|       inst               |     1.532 |
|     ps7_0_axi_periph     |     0.029 |
|       m00_couplers       |     0.003 |
|       m01_couplers       |     0.003 |
|       m02_couplers       |     0.003 |
|       m03_couplers       |     0.003 |
|       m04_couplers       |     0.002 |
|       m05_couplers       |     0.001 |
|       m06_couplers       |     0.003 |
|       m07_couplers       |     0.003 |
|       m08_couplers       |     0.003 |
|       xbar               |     0.003 |
|     snes_intf_0          |     0.004 |
|       U0                 |     0.004 |
|     v_axi4s_vid_out_0    |     0.002 |
|       inst               |     0.002 |
|     v_tc_0               |     0.005 |
|       U0                 |     0.005 |
+--------------------------+-----------+


