Copyright 1986-2018 Xilinx, Inc. All Rights Reserved.
------------------------------------------------------------------------------------
| Tool Version : Vivado v.2018.3 (win64) Build 2405991 Thu Dec  6 23:38:27 MST 2018
| Date         : Tue Feb  4 14:10:05 2020
| Host         : CO2041-13 running 64-bit major release  (build 9200)
| Command      : upgrade_ip
| Device       : xc7z020clg484-1
------------------------------------------------------------------------------------

Upgrade Log for IP 'zynq_design_1_snes_intf_0_1'

1. Summary
----------

SUCCESS in the upgrade of zynq_design_1_snes_intf_0_1 (iastate.edu:user:snes_intf:1.0) from (Rev. 7) to (Rev. 8)






Copyright 1986-2018 Xilinx, Inc. All Rights Reserved.
------------------------------------------------------------------------------------
| Tool Version : Vivado v.2018.3 (win64) Build 2405991 Thu Dec  6 23:38:27 MST 2018
| Date         : Mon Feb  3 17:32:38 2020
| Host         : CO2041-13 running 64-bit major release  (build 9200)
| Command      : upgrade_ip
| Device       : xc7z020clg484-1
------------------------------------------------------------------------------------

Upgrade Log for IP 'zynq_design_1_snes_intf_0_1'

1. Summary
----------

SUCCESS in the conversion of zynq_design_1_snes_intf_0_1 (iastate.edu:user:snes_intf:1.0 (Rev. 7)) to Vivado generation flows.






Copyright 1986-2018 Xilinx, Inc. All Rights Reserved.
------------------------------------------------------------------------------------
| Tool Version : Vivado v.2018.3 (win64) Build 2405991 Thu Dec  6 23:38:27 MST 2018
| Date         : Mon Feb  3 17:02:38 2020
| Host         : CO2041-13 running 64-bit major release  (build 9200)
| Command      : upgrade_ip
| Device       : xc7z020clg484-1
------------------------------------------------------------------------------------

Upgrade Log for IP 'zynq_design_1_snes_intf_0_1'

1. Summary
----------

CAUTION (success, with warnings) in the upgrade of zynq_design_1_snes_intf_0_1 (iastate.edu:user:snes_intf:1.0) from (Rev. 6) to (Rev. 7)

After upgrade, an IP may have parameter and port differences compared to the original customization. Please review the parameters within the IP customization GUI to ensure proper functionality. Also, please review the updated IP instantiation template to ensure proper connectivity, and update your design if required.

2. Connection Warnings
----------------------

Detected external port differences while upgrading 'zynq_design_1_snes_intf_0_1'. These changes may impact your design.


-Upgrade has added port 'CONTROLLER_DATA'







Copyright 1986-2018 Xilinx, Inc. All Rights Reserved.
------------------------------------------------------------------------------------
| Tool Version : Vivado v.2018.3 (win64) Build 2405991 Thu Dec  6 23:38:27 MST 2018
| Date         : Mon Feb  3 17:01:36 2020
| Host         : CO2041-13 running 64-bit major release  (build 9200)
| Command      : upgrade_ip
| Device       : xc7z020clg484-1
------------------------------------------------------------------------------------

Upgrade Log for IP 'zynq_design_1_snes_intf_0_1'

1. Summary
----------

SUCCESS in the upgrade of zynq_design_1_snes_intf_0_1 (iastate.edu:user:snes_intf:1.0) from (Rev. 5) to (Rev. 6)






Copyright 1986-2018 Xilinx, Inc. All Rights Reserved.
------------------------------------------------------------------------------------
| Tool Version : Vivado v.2018.3 (win64) Build 2405991 Thu Dec  6 23:38:27 MST 2018
| Date         : Mon Feb  3 17:00:27 2020
| Host         : CO2041-13 running 64-bit major release  (build 9200)
| Command      : upgrade_ip
| Device       : xc7z020clg484-1
------------------------------------------------------------------------------------

Upgrade Log for IP 'zynq_design_1_snes_intf_0_1'

1. Summary
----------

SUCCESS in the conversion of zynq_design_1_snes_intf_0_1 (iastate.edu:user:snes_intf:1.0 (Rev. 5)) to Vivado generation flows.






Copyright 1986-2018 Xilinx, Inc. All Rights Reserved.
------------------------------------------------------------------------------------
| Tool Version : Vivado v.2018.3 (win64) Build 2405991 Thu Dec  6 23:38:27 MST 2018
| Date         : Mon Feb  3 15:55:17 2020
| Host         : CO2041-13 running 64-bit major release  (build 9200)
| Command      : upgrade_ip
| Device       : xc7z020clg484-1
------------------------------------------------------------------------------------

Upgrade Log for IP 'zynq_design_1_snes_intf_0_1'

1. Summary
----------

SUCCESS in the conversion of zynq_design_1_snes_intf_0_1 (iastate.edu:user:snes_intf:1.0 (Rev. 5)) to Vivado generation flows.






Copyright 1986-2018 Xilinx, Inc. All Rights Reserved.
------------------------------------------------------------------------------------
| Tool Version : Vivado v.2018.3 (win64) Build 2405991 Thu Dec  6 23:38:27 MST 2018
| Date         : Mon Feb  3 15:19:26 2020
| Host         : CO2041-13 running 64-bit major release  (build 9200)
| Command      : upgrade_ip
| Device       : xc7z020clg484-1
------------------------------------------------------------------------------------

Upgrade Log for IP 'zynq_design_1_snes_intf_0_1'

1. Summary
----------

SUCCESS in the conversion of zynq_design_1_snes_intf_0_1 (iastate.edu:user:snes_intf:1.0 (Rev. 5)) to Vivado generation flows.






Copyright 1986-2018 Xilinx, Inc. All Rights Reserved.
------------------------------------------------------------------------------------
| Tool Version : Vivado v.2018.3 (win64) Build 2405991 Thu Dec  6 23:38:27 MST 2018
| Date         : Mon Feb  3 15:16:00 2020
| Host         : CO2041-13 running 64-bit major release  (build 9200)
| Command      : upgrade_ip
| Device       : xc7z020clg484-1
------------------------------------------------------------------------------------

Upgrade Log for IP 'zynq_design_1_snes_intf_0_1'

1. Summary
----------

SUCCESS in the conversion of zynq_design_1_snes_intf_0_1 (iastate.edu:user:snes_intf:1.0 (Rev. 5)) to Vivado generation flows.






Copyright 1986-2018 Xilinx, Inc. All Rights Reserved.
------------------------------------------------------------------------------------
| Tool Version : Vivado v.2018.3 (win64) Build 2405991 Thu Dec  6 23:38:27 MST 2018
| Date         : Mon Feb  3 15:12:22 2020
| Host         : CO2041-13 running 64-bit major release  (build 9200)
| Command      : upgrade_ip
| Device       : xc7z020clg484-1
------------------------------------------------------------------------------------

Upgrade Log for IP 'zynq_design_1_snes_intf_0_1'

1. Summary
----------

SUCCESS in the upgrade of zynq_design_1_snes_intf_0_1 (iastate.edu:user:snes_intf:1.0) from (Rev. 4) to (Rev. 5)






Copyright 1986-2018 Xilinx, Inc. All Rights Reserved.
------------------------------------------------------------------------------------
| Tool Version : Vivado v.2018.3 (win64) Build 2405991 Thu Dec  6 23:38:27 MST 2018
| Date         : Mon Feb  3 14:35:49 2020
| Host         : CO2041-13 running 64-bit major release  (build 9200)
| Command      : upgrade_ip
| Device       : xc7z020clg484-1
------------------------------------------------------------------------------------

Upgrade Log for IP 'zynq_design_1_snes_intf_0_1'

1. Summary
----------

SUCCESS in the upgrade of zynq_design_1_snes_intf_0_1 (iastate.edu:user:snes_intf:1.0) from (Rev. 3) to (Rev. 4)






Copyright 1986-2018 Xilinx, Inc. All Rights Reserved.
------------------------------------------------------------------------------------
| Tool Version : Vivado v.2018.3 (win64) Build 2405991 Thu Dec  6 23:38:27 MST 2018
| Date         : Mon Feb  3 14:33:43 2020
| Host         : CO2041-13 running 64-bit major release  (build 9200)
| Command      : upgrade_ip
| Device       : xc7z020clg484-1
------------------------------------------------------------------------------------

Upgrade Log for IP 'zynq_design_1_snes_intf_0_1'

1. Summary
----------

SUCCESS in the conversion of zynq_design_1_snes_intf_0_1 (iastate.edu:user:snes_intf:1.0 (Rev. 3)) to Vivado generation flows.

